Arguments: 
  /usr/bin/nodejs /usr/share/yarn/bin/yarn.js add --no-bin-links express

PATH: 
  /root/.sdkman/candidates/kotlin/current/bin:/usr/local/sbin:/usr/local/bin:/usr/sbin:/usr/bin:/sbin:/bin

Yarn version: 
  0.27.5

Node version: 
  4.8.2

Platform: 
  linux x64

npm manifest: 
  {
    "name": "web216is2",
    "version": "1.0.0",
    "main": "index.js",
    "license": "MIT"
  }

yarn manifest: 
  No manifest

Lockfile: 
  No lockfile

Trace: 
  Error: https://registry.yarnpkg.com/array-flatten: ETIMEDOUT
      at null._onTimeout (/usr/share/yarn/lib/yarn-cli.js:114906:19)
      at Timer.listOnTimeout (timers.js:92:15)
